D:\用户目录\我的文档\Visual Studio 2010\Projects\SadpTools\Debug\SadpTools.pdb
D:\用户目录\我的文档\Visual Studio 2010\Projects\SadpTools\SadpTools\Debug\cl.command.1.tlog
D:\用户目录\我的文档\Visual Studio 2010\Projects\SadpTools\SadpTools\Debug\CL.read.1.tlog
D:\用户目录\我的文档\Visual Studio 2010\Projects\SadpTools\SadpTools\Debug\CL.write.1.tlog
D:\用户目录\我的文档\Visual Studio 2010\Projects\SadpTools\SadpTools\Debug\link.command.1.tlog
D:\用户目录\我的文档\Visual Studio 2010\Projects\SadpTools\SadpTools\Debug\link.read.1.tlog
D:\用户目录\我的文档\Visual Studio 2010\Projects\SadpTools\SadpTools\Debug\link.write.1.tlog
D:\用户目录\我的文档\Visual Studio 2010\Projects\SadpTools\SadpTools\Debug\link-cvtres.read.1.tlog
D:\用户目录\我的文档\Visual Studio 2010\Projects\SadpTools\SadpTools\Debug\link-cvtres.write.1.tlog
D:\用户目录\我的文档\Visual Studio 2010\Projects\SadpTools\SadpTools\Debug\mt.command.1.tlog
D:\用户目录\我的文档\Visual Studio 2010\Projects\SadpTools\SadpTools\Debug\mt.read.1.tlog
D:\用户目录\我的文档\Visual Studio 2010\Projects\SadpTools\SadpTools\Debug\mt.write.1.tlog
D:\用户目录\我的文档\Visual Studio 2010\Projects\SadpTools\SadpTools\Debug\rc.command.1.tlog
D:\用户目录\我的文档\Visual Studio 2010\Projects\SadpTools\SadpTools\Debug\rc.read.1.tlog
D:\用户目录\我的文档\Visual Studio 2010\Projects\SadpTools\SadpTools\Debug\rc.write.1.tlog
D:\用户目录\我的文档\VISUAL STUDIO 2010\PROJECTS\SADPTOOLS\SADPTOOLS\DEBUG\SADPTOOLS.EXE.EMBED.MANIFEST
D:\用户目录\我的文档\VISUAL STUDIO 2010\PROJECTS\SADPTOOLS\SADPTOOLS\DEBUG\SADPTOOLS.EXE.EMBED.MANIFEST.RES
D:\用户目录\我的文档\Visual Studio 2010\Projects\SadpTools\SadpTools\Debug\SadpTools.exe.intermediate.manifest
D:\用户目录\我的文档\VISUAL STUDIO 2010\PROJECTS\SADPTOOLS\SADPTOOLS\DEBUG\SADPTOOLS.OBJ
D:\用户目录\我的文档\VISUAL STUDIO 2010\PROJECTS\SADPTOOLS\SADPTOOLS\DEBUG\SADPTOOLS.PCH
D:\用户目录\我的文档\VISUAL STUDIO 2010\PROJECTS\SADPTOOLS\SADPTOOLS\DEBUG\SADPTOOLS.RES
D:\用户目录\我的文档\Visual Studio 2010\Projects\SadpTools\SadpTools\Debug\SadpTools.vcxprojResolveAssemblyReference.cache
D:\用户目录\我的文档\Visual Studio 2010\Projects\SadpTools\SadpTools\Debug\SadpTools.write.1.tlog
D:\用户目录\我的文档\Visual Studio 2010\Projects\SadpTools\SadpTools\Debug\SadpTools_manifest.rc
D:\用户目录\我的文档\VISUAL STUDIO 2010\PROJECTS\SADPTOOLS\SADPTOOLS\DEBUG\SADPTOOLSDLG.OBJ
D:\用户目录\我的文档\VISUAL STUDIO 2010\PROJECTS\SADPTOOLS\SADPTOOLS\DEBUG\STDAFX.OBJ
D:\用户目录\我的文档\Visual Studio 2010\Projects\SadpTools\SadpTools\Debug\vc100.idb
D:\用户目录\我的文档\VISUAL STUDIO 2010\PROJECTS\SADPTOOLS\SADPTOOLS\DEBUG\VC100.PDB
